token:  { token: '5a38193b19e871d9' }
[fileReadDump] [checking] file: 'startMoment'
[fileReadDump] [loaded__] file: 'startMoment'
[fileReadDump] [checking] file: 'firstPageResponse.json'
[fileReadDump] [loaded__] file: 'firstPageResponse.json'
firstPageRecordsCount  15
typeof firstPageRecordsCount  number
total 150
unreadPageIds [
  2, 3, 4,  5, 6,
  7, 8, 9, 10
]
[fileReadDump] [checking] file: 'unreadPagesResponses.json'
[fileReadDump] [loaded__] file: 'unreadPagesResponses.json'
currentDateIsoString 2020-07-10T04:57:59.000Z
isDataChanged false
[
    {
        "name": "Visitor #0",
        "count": 1
    },
    {
        "name": "Visitor #1",
        "count": 1
    },
    {
        "name": "Visitor #10",
        "count": 1
    },
    {
        "name": "Visitor #11",
        "count": 2
    },
    {
        "name": "Visitor #12",
        "count": 3
    },
    {
        "name": "Visitor #13",
        "count": 1
    },
    {
        "name": "Visitor #15",
        "count": 4
    },
    {
        "name": "Visitor #17",
        "count": 1
    },
    {
        "name": "Visitor #18",
        "count": 2
    },
    {
        "name": "Visitor #2",
        "count": 2
    },
    {
        "name": "Visitor #22",
        "count": 1
    },
    {
        "name": "Visitor #23",
        "count": 2
    },
    {
        "name": "Visitor #24",
        "count": 1
    },
    {
        "name": "Visitor #26",
        "count": 3
    },
    {
        "name": "Visitor #27",
        "count": 2
    },
    {
        "name": "Visitor #28",
        "count": 2
    },
    {
        "name": "Visitor #29",
        "count": 6
    },
    {
        "name": "Visitor #3",
        "count": 1
    },
    {
        "name": "Visitor #30",
        "count": 1
    },
    {
        "name": "Visitor #31",
        "count": 2
    },
    {
        "name": "Visitor #32",
        "count": 2
    },
    {
        "name": "Visitor #33",
        "count": 1
    },
    {
        "name": "Visitor #34",
        "count": 3
    },
    {
        "name": "Visitor #35",
        "count": 2
    },
    {
        "name": "Visitor #37",
        "count": 1
    },
    {
        "name": "Visitor #38",
        "count": 1
    },
    {
        "name": "Visitor #4",
        "count": 5
    },
    {
        "name": "Visitor #40",
        "count": 2
    },
    {
        "name": "Visitor #41",
        "count": 4
    },
    {
        "name": "Visitor #42",
        "count": 1
    },
    {
        "name": "Visitor #43",
        "count": 3
    },
    {
        "name": "Visitor #44",
        "count": 1
    },
    {
        "name": "Visitor #47",
        "count": 1
    },
    {
        "name": "Visitor #48",
        "count": 4
    },
    {
        "name": "Visitor #49",
        "count": 3
    },
    {
        "name": "Visitor #51",
        "count": 2
    },
    {
        "name": "Visitor #52",
        "count": 1
    },
    {
        "name": "Visitor #53",
        "count": 2
    },
    {
        "name": "Visitor #55",
        "count": 4
    },
    {
        "name": "Visitor #56",
        "count": 1
    },
    {
        "name": "Visitor #57",
        "count": 1
    },
    {
        "name": "Visitor #58",
        "count": 3
    },
    {
        "name": "Visitor #59",
        "count": 2
    },
    {
        "name": "Visitor #6",
        "count": 1
    },
    {
        "name": "Visitor #60",
        "count": 1
    },
    {
        "name": "Visitor #61",
        "count": 3
    },
    {
        "name": "Visitor #62",
        "count": 5
    },
    {
        "name": "Visitor #63",
        "count": 3
    },
    {
        "name": "Visitor #64",
        "count": 4
    },
    {
        "name": "Visitor #65",
        "count": 1
    },
    {
        "name": "Visitor #66",
        "count": 3
    },
    {
        "name": "Visitor #67",
        "count": 1
    },
    {
        "name": "Visitor #68",
        "count": 1
    },
    {
        "name": "Visitor #69",
        "count": 1
    },
    {
        "name": "Visitor #7",
        "count": 3
    },
    {
        "name": "Visitor #70",
        "count": 1
    },
    {
        "name": "Visitor #71",
        "count": 1
    },
    {
        "name": "Visitor #73",
        "count": 1
    },
    {
        "name": "Visitor #74",
        "count": 2
    },
    {
        "name": "Visitor #8",
        "count": 1
    },
    {
        "name": "Visitor #9",
        "count": 3
    }
]
